<?xml version="1.0" encoding="UTF-8"?>
<testsuite xmlns:xsi="http://www.w3.org/2001/XMLSchema-instance" xsi:noNamespaceSchemaLocation="https://maven.apache.org/surefire/maven-failsafe-plugin/xsd/failsafe-test-report.xsd" name="com.airport_management.service_layer.transaction.PlaneServiceLayerIT" time="0.761" tests="7" errors="0" skipped="0" failures="0">
  <properties>
    <property name="sun.desktop" value="gnome"/>
    <property name="awt.toolkit" value="sun.awt.X11.XToolkit"/>
    <property name="java.specification.version" value="11"/>
    <property name="sun.cpu.isalist" value=""/>
    <property name="sun.jnu.encoding" value="UTF-8"/>
    <property name="java.class.path" value="/home/alessandro/eclipse-workspace/AirportManagementGitHub/airport-management/target/test-classes:/home/alessandro/eclipse-workspace/AirportManagementGitHub/airport-management/target/airport-management-0.0.1-SNAPSHOT.jar:/home/alessandro/.m2/repository/junit/junit/4.13/junit-4.13.jar:/home/alessandro/.m2/repository/org/hamcrest/hamcrest-core/1.3/hamcrest-core-1.3.jar:/home/alessandro/.m2/repository/org/mongodb/mongo-java-driver/3.12.1/mongo-java-driver-3.12.1.jar:/home/alessandro/.m2/repository/org/assertj/assertj-swing-junit/3.9.2/assertj-swing-junit-3.9.2.jar:/home/alessandro/.m2/repository/org/assertj/assertj-swing/3.9.2/assertj-swing-3.9.2.jar:/home/alessandro/.m2/repository/org/assertj/assertj-core/3.11.1/assertj-core-3.11.1.jar:/home/alessandro/.m2/repository/org/easytesting/fest-util/1.2.5/fest-util-1.2.5.jar:/home/alessandro/.m2/repository/org/easytesting/fest-reflect/1.4.1/fest-reflect-1.4.1.jar:/home/alessandro/.m2/repository/org/mockito/mockito-core/3.2.4/mockito-core-3.2.4.jar:/home/alessandro/.m2/repository/net/bytebuddy/byte-buddy/1.10.5/byte-buddy-1.10.5.jar:/home/alessandro/.m2/repository/net/bytebuddy/byte-buddy-agent/1.10.5/byte-buddy-agent-1.10.5.jar:/home/alessandro/.m2/repository/org/objenesis/objenesis/2.6/objenesis-2.6.jar:/home/alessandro/.m2/repository/org/testcontainers/testcontainers/1.12.5/testcontainers-1.12.5.jar:/home/alessandro/.m2/repository/org/slf4j/slf4j-api/1.7.30/slf4j-api-1.7.30.jar:/home/alessandro/.m2/repository/org/jetbrains/annotations/17.0.0/annotations-17.0.0.jar:/home/alessandro/.m2/repository/javax/annotation/javax.annotation-api/1.3.2/javax.annotation-api-1.3.2.jar:/home/alessandro/.m2/repository/org/apache/commons/commons-compress/1.19/commons-compress-1.19.jar:/home/alessandro/.m2/repository/javax/xml/bind/jaxb-api/2.3.1/jaxb-api-2.3.1.jar:/home/alessandro/.m2/repository/javax/activation/javax.activation-api/1.2.0/javax.activation-api-1.2.0.jar:/home/alessandro/.m2/repository/org/rnorth/duct-tape/duct-tape/1.0.8/duct-tape-1.0.8.jar:/home/alessandro/.m2/repository/org/rnorth/visible-assertions/visible-assertions/2.1.2/visible-assertions-2.1.2.jar:/home/alessandro/.m2/repository/org/rnorth/tcp-unix-socket-proxy/1.0.2/tcp-unix-socket-proxy-1.0.2.jar:/home/alessandro/.m2/repository/com/kohlschutter/junixsocket/junixsocket-native-common/2.0.4/junixsocket-native-common-2.0.4.jar:/home/alessandro/.m2/repository/org/scijava/native-lib-loader/2.0.2/native-lib-loader-2.0.2.jar:/home/alessandro/.m2/repository/com/kohlschutter/junixsocket/junixsocket-common/2.0.4/junixsocket-common-2.0.4.jar:/home/alessandro/.m2/repository/net/java/dev/jna/jna-platform/5.5.0/jna-platform-5.5.0.jar:/home/alessandro/.m2/repository/net/java/dev/jna/jna/5.5.0/jna-5.5.0.jar:/home/alessandro/.m2/repository/org/apache/logging/log4j/log4j-core/2.13.3/log4j-core-2.13.3.jar:/home/alessandro/.m2/repository/org/apache/logging/log4j/log4j-api/2.13.3/log4j-api-2.13.3.jar:/home/alessandro/.m2/repository/org/junit/jupiter/junit-jupiter-api/5.7.0-M1/junit-jupiter-api-5.7.0-M1.jar:/home/alessandro/.m2/repository/org/apiguardian/apiguardian-api/1.1.0/apiguardian-api-1.1.0.jar:/home/alessandro/.m2/repository/org/opentest4j/opentest4j/1.2.0/opentest4j-1.2.0.jar:/home/alessandro/.m2/repository/org/junit/platform/junit-platform-commons/1.7.0-M1/junit-platform-commons-1.7.0-M1.jar:"/>
    <property name="java.vm.vendor" value="Ubuntu"/>
    <property name="sun.arch.data.model" value="64"/>
    <property name="java.vendor.url" value="https://ubuntu.com/"/>
    <property name="user.timezone" value=""/>
    <property name="java.vm.specification.version" value="11"/>
    <property name="os.name" value="Linux"/>
    <property name="sun.java.launcher" value="SUN_STANDARD"/>
    <property name="user.country" value="IT"/>
    <property name="sun.boot.library.path" value="/usr/lib/jvm/java-11-openjdk-amd64/lib"/>
    <property name="CONTEXT_KEY_PREVIOUSLY_PULLED" value="{}"/>
    <property name="sun.java.command" value="/home/alessandro/eclipse-workspace/AirportManagementGitHub/airport-management/target/surefire/surefirebooter12561243011662893550.jar /home/alessandro/eclipse-workspace/AirportManagementGitHub/airport-management/target/surefire 2020-11-23T15-05-11_031-jvmRun1 surefire6088718179084982606tmp surefire_017429766817790082380tmp"/>
    <property name="jdk.debug" value="release"/>
    <property name="surefire.test.class.path" value="/home/alessandro/eclipse-workspace/AirportManagementGitHub/airport-management/target/test-classes:/home/alessandro/eclipse-workspace/AirportManagementGitHub/airport-management/target/airport-management-0.0.1-SNAPSHOT.jar:/home/alessandro/.m2/repository/junit/junit/4.13/junit-4.13.jar:/home/alessandro/.m2/repository/org/hamcrest/hamcrest-core/1.3/hamcrest-core-1.3.jar:/home/alessandro/.m2/repository/org/mongodb/mongo-java-driver/3.12.1/mongo-java-driver-3.12.1.jar:/home/alessandro/.m2/repository/org/assertj/assertj-swing-junit/3.9.2/assertj-swing-junit-3.9.2.jar:/home/alessandro/.m2/repository/org/assertj/assertj-swing/3.9.2/assertj-swing-3.9.2.jar:/home/alessandro/.m2/repository/org/assertj/assertj-core/3.11.1/assertj-core-3.11.1.jar:/home/alessandro/.m2/repository/org/easytesting/fest-util/1.2.5/fest-util-1.2.5.jar:/home/alessandro/.m2/repository/org/easytesting/fest-reflect/1.4.1/fest-reflect-1.4.1.jar:/home/alessandro/.m2/repository/org/mockito/mockito-core/3.2.4/mockito-core-3.2.4.jar:/home/alessandro/.m2/repository/net/bytebuddy/byte-buddy/1.10.5/byte-buddy-1.10.5.jar:/home/alessandro/.m2/repository/net/bytebuddy/byte-buddy-agent/1.10.5/byte-buddy-agent-1.10.5.jar:/home/alessandro/.m2/repository/org/objenesis/objenesis/2.6/objenesis-2.6.jar:/home/alessandro/.m2/repository/org/testcontainers/testcontainers/1.12.5/testcontainers-1.12.5.jar:/home/alessandro/.m2/repository/org/slf4j/slf4j-api/1.7.30/slf4j-api-1.7.30.jar:/home/alessandro/.m2/repository/org/jetbrains/annotations/17.0.0/annotations-17.0.0.jar:/home/alessandro/.m2/repository/javax/annotation/javax.annotation-api/1.3.2/javax.annotation-api-1.3.2.jar:/home/alessandro/.m2/repository/org/apache/commons/commons-compress/1.19/commons-compress-1.19.jar:/home/alessandro/.m2/repository/javax/xml/bind/jaxb-api/2.3.1/jaxb-api-2.3.1.jar:/home/alessandro/.m2/repository/javax/activation/javax.activation-api/1.2.0/javax.activation-api-1.2.0.jar:/home/alessandro/.m2/repository/org/rnorth/duct-tape/duct-tape/1.0.8/duct-tape-1.0.8.jar:/home/alessandro/.m2/repository/org/rnorth/visible-assertions/visible-assertions/2.1.2/visible-assertions-2.1.2.jar:/home/alessandro/.m2/repository/org/rnorth/tcp-unix-socket-proxy/1.0.2/tcp-unix-socket-proxy-1.0.2.jar:/home/alessandro/.m2/repository/com/kohlschutter/junixsocket/junixsocket-native-common/2.0.4/junixsocket-native-common-2.0.4.jar:/home/alessandro/.m2/repository/org/scijava/native-lib-loader/2.0.2/native-lib-loader-2.0.2.jar:/home/alessandro/.m2/repository/com/kohlschutter/junixsocket/junixsocket-common/2.0.4/junixsocket-common-2.0.4.jar:/home/alessandro/.m2/repository/net/java/dev/jna/jna-platform/5.5.0/jna-platform-5.5.0.jar:/home/alessandro/.m2/repository/net/java/dev/jna/jna/5.5.0/jna-5.5.0.jar:/home/alessandro/.m2/repository/org/apache/logging/log4j/log4j-core/2.13.3/log4j-core-2.13.3.jar:/home/alessandro/.m2/repository/org/apache/logging/log4j/log4j-api/2.13.3/log4j-api-2.13.3.jar:/home/alessandro/.m2/repository/org/junit/jupiter/junit-jupiter-api/5.7.0-M1/junit-jupiter-api-5.7.0-M1.jar:/home/alessandro/.m2/repository/org/apiguardian/apiguardian-api/1.1.0/apiguardian-api-1.1.0.jar:/home/alessandro/.m2/repository/org/opentest4j/opentest4j/1.2.0/opentest4j-1.2.0.jar:/home/alessandro/.m2/repository/org/junit/platform/junit-platform-commons/1.7.0-M1/junit-platform-commons-1.7.0-M1.jar:"/>
    <property name="sun.cpu.endian" value="little"/>
    <property name="user.home" value="/home/alessandro"/>
    <property name="user.language" value="it"/>
    <property name="java.specification.vendor" value="Oracle Corporation"/>
    <property name="java.version.date" value="2020-07-14"/>
    <property name="java.home" value="/usr/lib/jvm/java-11-openjdk-amd64"/>
    <property name="file.separator" value="/"/>
    <property name="basedir" value="/home/alessandro/eclipse-workspace/AirportManagementGitHub/airport-management"/>
    <property name="java.vm.compressedOopsMode" value="Zero based"/>
    <property name="line.separator" value="&#10;"/>
    <property name="java.specification.name" value="Java Platform API Specification"/>
    <property name="java.vm.specification.vendor" value="Oracle Corporation"/>
    <property name="java.awt.graphicsenv" value="sun.awt.X11GraphicsEnvironment"/>
    <property name="surefire.real.class.path" value="/home/alessandro/eclipse-workspace/AirportManagementGitHub/airport-management/target/surefire/surefirebooter12561243011662893550.jar"/>
    <property name="sun.management.compiler" value="HotSpot 64-Bit Tiered Compilers"/>
    <property name="java.runtime.version" value="11.0.8+10-post-Ubuntu-0ubuntu118.04.1"/>
    <property name="user.name" value="alessandro"/>
    <property name="path.separator" value=":"/>
    <property name="os.version" value="5.0.0-32-generic"/>
    <property name="java.runtime.name" value="OpenJDK Runtime Environment"/>
    <property name="file.encoding" value="UTF-8"/>
    <property name="java.vm.name" value="OpenJDK 64-Bit Server VM"/>
    <property name="localRepository" value="/home/alessandro/.m2/repository"/>
    <property name="java.vendor.url.bug" value="https://bugs.launchpad.net/ubuntu/+source/openjdk-lts"/>
    <property name="java.io.tmpdir" value="/tmp"/>
    <property name="java.version" value="11.0.8"/>
    <property name="user.dir" value="/home/alessandro/eclipse-workspace/AirportManagementGitHub/airport-management"/>
    <property name="os.arch" value="amd64"/>
    <property name="java.vm.specification.name" value="Java Virtual Machine Specification"/>
    <property name="java.awt.printerjob" value="sun.print.PSPrinterJob"/>
    <property name="sun.os.patch.level" value="unknown"/>
    <property name="java.library.path" value="/usr/java/packages/lib:/usr/lib/x86_64-linux-gnu/jni:/lib/x86_64-linux-gnu:/usr/lib/x86_64-linux-gnu:/usr/lib/jni:/lib:/usr/lib"/>
    <property name="java.vm.info" value="mixed mode, sharing"/>
    <property name="java.vendor" value="Ubuntu"/>
    <property name="java.vm.version" value="11.0.8+10-post-Ubuntu-0ubuntu118.04.1"/>
    <property name="sun.io.unicode.encoding" value="UnicodeLittle"/>
    <property name="java.class.version" value="55.0"/>
  </properties>
  <testcase name="testFindByIdSL" classname="com.airport_management.service_layer.transaction.PlaneServiceLayerIT" time="0.017"/>
  <testcase name="testFindAllPlanesSL" classname="com.airport_management.service_layer.transaction.PlaneServiceLayerIT" time="0.106"/>
  <testcase name="testDeletePlaneWhenExistSL" classname="com.airport_management.service_layer.transaction.PlaneServiceLayerIT" time="0.167"/>
  <testcase name="testDeletePlaneWhenThereAreFlightsButNotAssociatesWithThePlaneToDelete" classname="com.airport_management.service_layer.transaction.PlaneServiceLayerIT" time="0.157"/>
  <testcase name="testSavePlaneSL" classname="com.airport_management.service_layer.transaction.PlaneServiceLayerIT" time="0.086"/>
  <testcase name="testDeletePlaneWhenNoExistSL" classname="com.airport_management.service_layer.transaction.PlaneServiceLayerIT" time="0.119"/>
  <testcase name="testDeletePlaneWhenThereAreAssociatesFlights" classname="com.airport_management.service_layer.transaction.PlaneServiceLayerIT" time="0.107"/>
</testsuite>