<?xml version="1.0" encoding="UTF-8" ?>
<testsuite tests="18" failures="0" name="com.airport_management.service_layer.transaction.FlightServiceLayerTest" time="0.088" errors="0" skipped="0">
  <properties>
    <property name="java.runtime.name" value="OpenJDK Runtime Environment"/>
    <property name="java.vm.version" value="11.0.8+10-post-Ubuntu-0ubuntu118.04.1"/>
    <property name="sun.boot.library.path" value="/usr/lib/jvm/java-11-openjdk-amd64/lib"/>
    <property name="maven.multiModuleProjectDirectory" value="/home/alessandro/eclipse-workspace/AirportManagementGitHub/airport-management"/>
    <property name="java.vm.vendor" value="Ubuntu"/>
    <property name="java.vendor.url" value="https://ubuntu.com/"/>
    <property name="guice.disable.misplaced.annotation.check" value="true"/>
    <property name="path.separator" value=":"/>
    <property name="java.vm.name" value="OpenJDK 64-Bit Server VM"/>
    <property name="sun.os.patch.level" value="unknown"/>
    <property name="user.country" value="IT"/>
    <property name="sun.java.launcher" value="SUN_STANDARD"/>
    <property name="java.vm.specification.name" value="Java Virtual Machine Specification"/>
    <property name="user.dir" value="/home/alessandro/eclipse-workspace/AirportManagementGitHub"/>
    <property name="java.vm.compressedOopsMode" value="Zero based"/>
    <property name="java.runtime.version" value="11.0.8+10-post-Ubuntu-0ubuntu118.04.1"/>
    <property name="java.awt.graphicsenv" value="sun.awt.X11GraphicsEnvironment"/>
    <property name="os.arch" value="amd64"/>
    <property name="java.io.tmpdir" value="/tmp"/>
    <property name="line.separator" value="
"/>
    <property name="java.vm.specification.vendor" value="Oracle Corporation"/>
    <property name="os.name" value="Linux"/>
    <property name="classworlds.conf" value="/usr/share/maven/bin/m2.conf"/>
    <property name="sun.jnu.encoding" value="UTF-8"/>
    <property name="java.library.path" value="/usr/java/packages/lib:/usr/lib/x86_64-linux-gnu/jni:/lib/x86_64-linux-gnu:/usr/lib/x86_64-linux-gnu:/usr/lib/jni:/lib:/usr/lib"/>
    <property name="maven.conf" value="/usr/share/maven/conf"/>
    <property name="jdk.debug" value="release"/>
    <property name="java.class.version" value="55.0"/>
    <property name="java.specification.name" value="Java Platform API Specification"/>
    <property name="sun.management.compiler" value="HotSpot 64-Bit Tiered Compilers"/>
    <property name="os.version" value="5.0.0-32-generic"/>
    <property name="library.jansi.path" value="/usr/share/maven/lib/jansi-native"/>
    <property name="user.home" value="/home/alessandro"/>
    <property name="user.timezone" value="Europe/Rome"/>
    <property name="java.awt.printerjob" value="sun.print.PSPrinterJob"/>
    <property name="file.encoding" value="UTF-8"/>
    <property name="java.specification.version" value="11"/>
    <property name="user.name" value="alessandro"/>
    <property name="java.class.path" value="/usr/share/maven/boot/plexus-classworlds-2.x.jar"/>
    <property name="java.vm.specification.version" value="11"/>
    <property name="sun.arch.data.model" value="64"/>
    <property name="sun.java.command" value="org.codehaus.plexus.classworlds.launcher.Launcher -f airport-management/pom.xml clean verify"/>
    <property name="java.home" value="/usr/lib/jvm/java-11-openjdk-amd64"/>
    <property name="user.language" value="it"/>
    <property name="java.specification.vendor" value="Oracle Corporation"/>
    <property name="awt.toolkit" value="sun.awt.X11.XToolkit"/>
    <property name="java.vm.info" value="mixed mode, sharing"/>
    <property name="java.version" value="11.0.8"/>
    <property name="securerandom.source" value="file:/dev/./urandom"/>
    <property name="java.vendor" value="Ubuntu"/>
    <property name="maven.home" value="/usr/share/maven"/>
    <property name="file.separator" value="/"/>
    <property name="java.version.date" value="2020-07-14"/>
    <property name="java.vendor.url.bug" value="https://bugs.launchpad.net/ubuntu/+source/openjdk-lts"/>
    <property name="sun.io.unicode.encoding" value="UnicodeLittle"/>
    <property name="sun.cpu.endian" value="little"/>
    <property name="sun.desktop" value="gnome"/>
    <property name="sun.cpu.isalist" value=""/>
  </properties>
  <testcase classname="com.airport_management.service_layer.transaction.FlightServiceLayerTest" name="testFindAllFlights" time="0.061"/>
  <testcase classname="com.airport_management.service_layer.transaction.FlightServiceLayerTest" name="testDeleteFlightWhenNoExist" time="0.005"/>
  <testcase classname="com.airport_management.service_layer.transaction.FlightServiceLayerTest" name="testSaveFlightWhenArrivalDateIsBetweenDatesOfAnotherFlightOfTheSamePlane" time="0.001"/>
  <testcase classname="com.airport_management.service_layer.transaction.FlightServiceLayerTest" name="testSaveFlightWhenDepartureDateIsEqualToAnotherFlightOfTheSamePlane" time="0.002"/>
  <testcase classname="com.airport_management.service_layer.transaction.FlightServiceLayerTest" name="testSaveFlightWhenArrivalDateIsEqualToAnotherFlightOfTheSamePlane" time="0.001"/>
  <testcase classname="com.airport_management.service_layer.transaction.FlightServiceLayerTest" name="testSaveFlightWhenDepartureDateIsBeforeArrivalDate" time="0.001"/>
  <testcase classname="com.airport_management.service_layer.transaction.FlightServiceLayerTest" name="testSaveFlightWhenDepartureDateIsBetweenDatesOfAnotherFlightOfTheSamePlane" time="0.002"/>
  <testcase classname="com.airport_management.service_layer.transaction.FlightServiceLayerTest" name="testSaveFlightWhenDepartureDateIsEqualToArrivalDate" time="0.001"/>
  <testcase classname="com.airport_management.service_layer.transaction.FlightServiceLayerTest" name="testSaveFlightWhenOriginAndDestinaitonAreEquals" time="0.002"/>
  <testcase classname="com.airport_management.service_layer.transaction.FlightServiceLayerTest" name="testSaveFlightWhenDepartureDateIsBeforeAndArrivalDateIsAfterDatesOfAnotherFlightOfTheSamePlane" time="0.001"/>
  <testcase classname="com.airport_management.service_layer.transaction.FlightServiceLayerTest" name="testSaveFlightWhenArrivalDateIsBeforeDatesOfAnotherFlightOfTheSamePlane" time="0.001"/>
  <testcase classname="com.airport_management.service_layer.transaction.FlightServiceLayerTest" name="testSaveFlightWhenDepartureDateIsBetweenDatesOfAnotherFlight" time="0.002"/>
  <testcase classname="com.airport_management.service_layer.transaction.FlightServiceLayerTest" name="testSaveFlightWhenDepartureDateIsAfterToAnotherFlightOfTheSamePlane" time="0.001"/>
  <testcase classname="com.airport_management.service_layer.transaction.FlightServiceLayerTest" name="testFindByNum" time="0.001"/>
  <testcase classname="com.airport_management.service_layer.transaction.FlightServiceLayerTest" name="testSaveFlightWithSuccess" time="0.001"/>
  <testcase classname="com.airport_management.service_layer.transaction.FlightServiceLayerTest" name="testSaveFlightWhenDepartureDateIsBeforeAndArrivalDateIsAfterDatesOfAnotherFlight" time="0.002"/>
  <testcase classname="com.airport_management.service_layer.transaction.FlightServiceLayerTest" name="testDeleteFlightWhenExist" time="0.002"/>
  <testcase classname="com.airport_management.service_layer.transaction.FlightServiceLayerTest" name="testSaveFlightWhenDepartureOrArrivalDateIsEqualToAnotherFlight" time="0.001"/>
</testsuite>